<?xml version="1.0" encoding="UTF-8"?>
<!-- Generated by org.testng.reporters.JUnitReportReporter -->
<testsuite hostname="AT-NB-DILSHAN" name="com.sample.tests.create_customer" tests="4" failures="0" timestamp="17 May 2017 10:28:40 GMT" time="30.006" errors="0">
  <testcase name="removeCustomerTest" time="2.388" classname="com.sample.tests.create_customer"/>
  <testcase name="updateCustomerTest" time="9.303" classname="com.sample.tests.create_customer"/>
  <testcase name="addNewCustomerTest" time="9.136" classname="com.sample.tests.create_customer"/>
  <testcase name="loginTest" time="9.179" classname="com.sample.tests.create_customer"/>
</testsuite> <!-- com.sample.tests.create_customer -->
